Using pre-set license
Built from '2020.3/release' branch; Version is '2020.3.2f1 (8fd9074bf66c) revision 9427207'; Using compiler version '192528614'; Build Type 'Release'
OS: 'Windows 10 Home; OS build 19042.985; Version 2009; 64bit' Language: 'en' Physical Memory: 16201 MB
BatchMode: 1, IsHumanControllingUs: 0, StartBugReporterOnCrash: 0, Is64bit: 1, IsPro: 0

 COMMAND LINE ARGUMENTS:
C:\Program Files\Unity\Hub\Editor\2020.3.2f1\Editor\Unity.exe
-adb2
-batchMode
-noUpm
-name
AssetImportWorker0
-projectPath
C:/Users/pmass/Documents/Unity/RETINA dashboard/RETINA Dashboard Unity
-logFile
Logs/AssetImportWorker0.log
-srvPort
52333
Successfully changed project path to: C:/Users/pmass/Documents/Unity/RETINA dashboard/RETINA Dashboard Unity
C:/Users/pmass/Documents/Unity/RETINA dashboard/RETINA Dashboard Unity
Using Asset Import Pipeline V2.
Refreshing native plugins compatible for Editor in 42.92 ms, found 0 plugins.
Preloading 0 native plugins for Editor in 0.00 ms.
Initialize engine version: 2020.3.2f1 (8fd9074bf66c)
[Subsystems] Discovering subsystems at path C:/Program Files/Unity/Hub/Editor/2020.3.2f1/Editor/Data/Resources/UnitySubsystems
[Subsystems] Discovering subsystems at path C:/Users/pmass/Documents/Unity/RETINA dashboard/RETINA Dashboard Unity/Assets
GfxDevice: creating device client; threaded=0
Direct3D:
    Version:  Direct3D 11.0 [level 11.1]
    Renderer: NVIDIA GeForce RTX 2060 (ID=0x1f15)
    Vendor:   
    VRAM:     5980 MB
    Driver:   27.21.14.6089
Initialize mono
Mono path[0] = 'C:/Program Files/Unity/Hub/Editor/2020.3.2f1/Editor/Data/Managed'
Mono path[1] = 'C:/Program Files/Unity/Hub/Editor/2020.3.2f1/Editor/Data/MonoBleedingEdge/lib/mono/unityjit'
Mono config path = 'C:/Program Files/Unity/Hub/Editor/2020.3.2f1/Editor/Data/MonoBleedingEdge/etc'
Using monoOptions --debugger-agent=transport=dt_socket,embedding=1,server=y,suspend=n,address=127.0.0.1:56632
Begin MonoManager ReloadAssembly
Registering precompiled unity dll's ...
Register platform support module: C:/Program Files/Unity/Hub/Editor/2020.3.2f1/Editor/Data/PlaybackEngines/WebGLSupport/UnityEditor.WebGL.Extensions.dll
Register platform support module: C:/Program Files/Unity/Hub/Editor/2020.3.2f1/Editor/Data/PlaybackEngines/WindowsStandaloneSupport/UnityEditor.WindowsStandalone.Extensions.dll
Registered in 0.001832 seconds.
Native extension for WindowsStandalone target not found
Native extension for WebGL target not found
Refreshing native plugins compatible for Editor in 38.31 ms, found 0 plugins.
Preloading 0 native plugins for Editor in 0.00 ms.
Invoked RoslynAnalysisRunner static constructor.
RoslynAnalysisRunner will not be running.
RoslynAnalysisRunner has terminated.
Mono: successfully reloaded assembly
- Completed reload, in  1.524 seconds
Platform modules already initialized, skipping
Registering precompiled user dll's ...
Registered in 0.004431 seconds.
Begin MonoManager ReloadAssembly
Native extension for WindowsStandalone target not found
Native extension for WebGL target not found
Refreshing native plugins compatible for Editor in 38.90 ms, found 0 plugins.
Preloading 0 native plugins for Editor in 0.00 ms.
Invoked RoslynAnalysisRunner static constructor.
RoslynAnalysisRunner will not be running.
RoslynAnalysisRunner has terminated.
Mono: successfully reloaded assembly
- Completed reload, in  1.100 seconds
Platform modules already initialized, skipping
========================================================================
Worker process is ready to serve import requests
Shader 'Universal Render Pipeline/Particles/Lit': fallback shader 'Universal Render Pipeline/Particles/SimpleLit' not found
Shader 'Universal Render Pipeline/Particles/Lit': fallback shader 'Universal Render Pipeline/Particles/SimpleLit' not found
Launched and connected shader compiler UnityShaderCompiler.exe after 0.03 seconds
Refreshing native plugins compatible for Editor in 0.50 ms, found 0 plugins.
Preloading 0 native plugins for Editor in 0.00 ms.
Unloading 2636 Unused Serialized files (Serialized files now loaded: 0)
System memory in use before: 119.4 MB.
System memory in use after: 116.6 MB.

Unloading 56 unused Assets to reduce memory usage. Loaded Objects now: 3090.
Total: 17.298400 ms (FindLiveObjects: 0.283100 ms CreateObjectMapping: 0.459100 ms MarkObjects: 15.186500 ms  DeleteObjects: 1.368500 ms)

========================================================================
Received Import Request.
  path: Assets/RETINA-Dashboard/Networking/Attempt2/Scenes/Client.unity
  artifactKey: Guid(379a6836b75b3ab4e859d166ca7f4c79) Importer(815301076,1909f56bfc062723c751e8b465ee728b)
Start importing Assets/RETINA-Dashboard/Networking/Attempt2/Scenes/Client.unity using Guid(379a6836b75b3ab4e859d166ca7f4c79) Importer(815301076,1909f56bfc062723c751e8b465ee728b)  -> (artifact id: '36b6e214cd9e432c3d7cb77809d6398d') in 0.015441 seconds
  Import took 0.019448 seconds .

========================================================================
Received Import Request.
  Time since last request: 41.341440 seconds.
  path: Assets/RETINA-Dashboard/Networking/Attempt2/Client.cs
  artifactKey: Guid(ffab2602b63fd8847ac6e4042be0fa33) Importer(815301076,1909f56bfc062723c751e8b465ee728b)
Start importing Assets/RETINA-Dashboard/Networking/Attempt2/Client.cs using Guid(ffab2602b63fd8847ac6e4042be0fa33) Importer(815301076,1909f56bfc062723c751e8b465ee728b)  -> (artifact id: 'e81cfb1a46add3aaee582717483f98d4') in 0.022336 seconds
  Import took 0.028209 seconds .

========================================================================
Received Prepare
Registering precompiled user dll's ...
Registered in 0.005109 seconds.
Begin MonoManager ReloadAssembly
Native extension for WindowsStandalone target not found
Native extension for WebGL target not found
Refreshing native plugins compatible for Editor in 0.44 ms, found 0 plugins.
Preloading 0 native plugins for Editor in 0.00 ms.
Invoked RoslynAnalysisRunner static constructor.
RoslynAnalysisRunner will not be running.
RoslynAnalysisRunner has terminated.
Mono: successfully reloaded assembly
- Completed reload, in  1.071 seconds
Platform modules already initialized, skipping
Shader 'Universal Render Pipeline/Particles/Lit': fallback shader 'Universal Render Pipeline/Particles/SimpleLit' not found
Shader 'Universal Render Pipeline/Particles/Lit': fallback shader 'Universal Render Pipeline/Particles/SimpleLit' not found
Refreshing native plugins compatible for Editor in 0.55 ms, found 0 plugins.
Preloading 0 native plugins for Editor in 0.00 ms.
Unloading 2563 Unused Serialized files (Serialized files now loaded: 0)
System memory in use before: 116.0 MB.
System memory in use after: 113.3 MB.

Unloading 51 unused Assets to reduce memory usage. Loaded Objects now: 3094.
Total: 17.622900 ms (FindLiveObjects: 0.782200 ms CreateObjectMapping: 0.473700 ms MarkObjects: 15.047200 ms  DeleteObjects: 1.317200 ms)

========================================================================
Received Import Request.
  Time since last request: 8.280297 seconds.
  path: Assets/RETINA-Dashboard/Networking/Attempt2/UIManager.cs
  artifactKey: Guid(ef0a534d8b80c474b8fdd40dd402d028) Importer(815301076,1909f56bfc062723c751e8b465ee728b)
Start importing Assets/RETINA-Dashboard/Networking/Attempt2/UIManager.cs using Guid(ef0a534d8b80c474b8fdd40dd402d028) Importer(815301076,1909f56bfc062723c751e8b465ee728b)  -> (artifact id: '1415f822640a04a1bc35d7a6b3a9d18d') in 0.009631 seconds
  Import took 0.015170 seconds .

========================================================================
Received Prepare
Registering precompiled user dll's ...
Registered in 0.004343 seconds.
Begin MonoManager ReloadAssembly
Native extension for WindowsStandalone target not found
Native extension for WebGL target not found
Refreshing native plugins compatible for Editor in 0.41 ms, found 0 plugins.
Preloading 0 native plugins for Editor in 0.00 ms.
Invoked RoslynAnalysisRunner static constructor.
RoslynAnalysisRunner will not be running.
RoslynAnalysisRunner has terminated.
Mono: successfully reloaded assembly
- Completed reload, in  1.060 seconds
Platform modules already initialized, skipping
Shader 'Universal Render Pipeline/Particles/Lit': fallback shader 'Universal Render Pipeline/Particles/SimpleLit' not found
Shader 'Universal Render Pipeline/Particles/Lit': fallback shader 'Universal Render Pipeline/Particles/SimpleLit' not found
Refreshing native plugins compatible for Editor in 0.44 ms, found 0 plugins.
Preloading 0 native plugins for Editor in 0.00 ms.
Unloading 2564 Unused Serialized files (Serialized files now loaded: 0)
System memory in use before: 116.1 MB.
System memory in use after: 113.4 MB.

Unloading 51 unused Assets to reduce memory usage. Loaded Objects now: 3098.
Total: 16.269200 ms (FindLiveObjects: 0.236000 ms CreateObjectMapping: 0.114700 ms MarkObjects: 14.646600 ms  DeleteObjects: 1.270600 ms)

========================================================================
Received Prepare
Registering precompiled user dll's ...
Registered in 0.004075 seconds.
Begin MonoManager ReloadAssembly
Native extension for WindowsStandalone target not found
Native extension for WebGL target not found
Refreshing native plugins compatible for Editor in 0.45 ms, found 0 plugins.
Preloading 0 native plugins for Editor in 0.00 ms.
Invoked RoslynAnalysisRunner static constructor.
RoslynAnalysisRunner will not be running.
RoslynAnalysisRunner has terminated.
Mono: successfully reloaded assembly
- Completed reload, in  1.068 seconds
Platform modules already initialized, skipping
Shader 'Universal Render Pipeline/Particles/Lit': fallback shader 'Universal Render Pipeline/Particles/SimpleLit' not found
Shader 'Universal Render Pipeline/Particles/Lit': fallback shader 'Universal Render Pipeline/Particles/SimpleLit' not found
Refreshing native plugins compatible for Editor in 0.43 ms, found 0 plugins.
Preloading 0 native plugins for Editor in 0.00 ms.
Unloading 2564 Unused Serialized files (Serialized files now loaded: 0)
System memory in use before: 116.1 MB.
System memory in use after: 113.4 MB.

Unloading 51 unused Assets to reduce memory usage. Loaded Objects now: 3101.
Total: 16.778400 ms (FindLiveObjects: 0.279400 ms CreateObjectMapping: 0.139500 ms MarkObjects: 14.769700 ms  DeleteObjects: 1.588700 ms)

========================================================================
Received Import Request.
  Time since last request: 704.139760 seconds.
  path: Assets/RETINA-Dashboard/Networking/Attempt2/Client.cs
  artifactKey: Guid(ffab2602b63fd8847ac6e4042be0fa33) Importer(815301076,1909f56bfc062723c751e8b465ee728b)
Start importing Assets/RETINA-Dashboard/Networking/Attempt2/Client.cs using Guid(ffab2602b63fd8847ac6e4042be0fa33) Importer(815301076,1909f56bfc062723c751e8b465ee728b)  -> (artifact id: '959284ed35341d5d04cc0af4d66b5eb2') in 0.005276 seconds
  Import took 0.009467 seconds .

========================================================================
Received Prepare
Registering precompiled user dll's ...
Registered in 0.005583 seconds.
Begin MonoManager ReloadAssembly
Native extension for WindowsStandalone target not found
Native extension for WebGL target not found
Refreshing native plugins compatible for Editor in 0.43 ms, found 0 plugins.
Preloading 0 native plugins for Editor in 0.00 ms.
Invoked RoslynAnalysisRunner static constructor.
RoslynAnalysisRunner will not be running.
RoslynAnalysisRunner has terminated.
Mono: successfully reloaded assembly
- Completed reload, in  1.177 seconds
Platform modules already initialized, skipping
Shader 'Universal Render Pipeline/Particles/Lit': fallback shader 'Universal Render Pipeline/Particles/SimpleLit' not found
Shader 'Universal Render Pipeline/Particles/Lit': fallback shader 'Universal Render Pipeline/Particles/SimpleLit' not found
Refreshing native plugins compatible for Editor in 0.57 ms, found 0 plugins.
Preloading 0 native plugins for Editor in 0.00 ms.
Unloading 2564 Unused Serialized files (Serialized files now loaded: 0)
System memory in use before: 116.1 MB.
System memory in use after: 113.4 MB.

Unloading 51 unused Assets to reduce memory usage. Loaded Objects now: 3104.
Total: 19.496600 ms (FindLiveObjects: 0.453700 ms CreateObjectMapping: 0.176200 ms MarkObjects: 17.406100 ms  DeleteObjects: 1.458400 ms)

========================================================================
Received Import Request.
  Time since last request: 24.072167 seconds.
  path: Assets/RETINA-Dashboard/Networking/Attempt2/Client.cs
  artifactKey: Guid(ffab2602b63fd8847ac6e4042be0fa33) Importer(815301076,1909f56bfc062723c751e8b465ee728b)
Start importing Assets/RETINA-Dashboard/Networking/Attempt2/Client.cs using Guid(ffab2602b63fd8847ac6e4042be0fa33) Importer(815301076,1909f56bfc062723c751e8b465ee728b)  -> (artifact id: 'ec62914a4d3eb7217eed6ce77a45b88e') in 0.006090 seconds
  Import took 0.012306 seconds .

========================================================================
Received Prepare
Registering precompiled user dll's ...
Registered in 0.004059 seconds.
Begin MonoManager ReloadAssembly
Native extension for WindowsStandalone target not found
Native extension for WebGL target not found
Refreshing native plugins compatible for Editor in 0.56 ms, found 0 plugins.
Preloading 0 native plugins for Editor in 0.00 ms.
Invoked RoslynAnalysisRunner static constructor.
RoslynAnalysisRunner will not be running.
RoslynAnalysisRunner has terminated.
Mono: successfully reloaded assembly
- Completed reload, in  1.072 seconds
Platform modules already initialized, skipping
Shader 'Universal Render Pipeline/Particles/Lit': fallback shader 'Universal Render Pipeline/Particles/SimpleLit' not found
Shader 'Universal Render Pipeline/Particles/Lit': fallback shader 'Universal Render Pipeline/Particles/SimpleLit' not found
Refreshing native plugins compatible for Editor in 0.45 ms, found 0 plugins.
Preloading 0 native plugins for Editor in 0.00 ms.
Unloading 2564 Unused Serialized files (Serialized files now loaded: 0)
System memory in use before: 116.2 MB.
System memory in use after: 113.4 MB.

Unloading 51 unused Assets to reduce memory usage. Loaded Objects now: 3107.
Total: 18.232200 ms (FindLiveObjects: 0.412500 ms CreateObjectMapping: 0.279200 ms MarkObjects: 16.127900 ms  DeleteObjects: 1.411200 ms)

========================================================================
Received Import Request.
  Time since last request: 22.364258 seconds.
  path: Assets/RETINA-Dashboard/Networking/Attempt2/UIManager.cs
  artifactKey: Guid(ef0a534d8b80c474b8fdd40dd402d028) Importer(815301076,1909f56bfc062723c751e8b465ee728b)
Start importing Assets/RETINA-Dashboard/Networking/Attempt2/UIManager.cs using Guid(ef0a534d8b80c474b8fdd40dd402d028) Importer(815301076,1909f56bfc062723c751e8b465ee728b)  -> (artifact id: 'f388c2aea43d66568589bce25243b835') in 0.005821 seconds
  Import took 0.009345 seconds .

========================================================================
Received Prepare
Registering precompiled user dll's ...
Registered in 0.004220 seconds.
Begin MonoManager ReloadAssembly
Native extension for WindowsStandalone target not found
Native extension for WebGL target not found
Refreshing native plugins compatible for Editor in 0.69 ms, found 0 plugins.
Preloading 0 native plugins for Editor in 0.00 ms.
Invoked RoslynAnalysisRunner static constructor.
RoslynAnalysisRunner will not be running.
RoslynAnalysisRunner has terminated.
Mono: successfully reloaded assembly
- Completed reload, in  1.051 seconds
Platform modules already initialized, skipping
Shader 'Universal Render Pipeline/Particles/Lit': fallback shader 'Universal Render Pipeline/Particles/SimpleLit' not found
Shader 'Universal Render Pipeline/Particles/Lit': fallback shader 'Universal Render Pipeline/Particles/SimpleLit' not found
Refreshing native plugins compatible for Editor in 0.42 ms, found 0 plugins.
Preloading 0 native plugins for Editor in 0.00 ms.
Unloading 2564 Unused Serialized files (Serialized files now loaded: 0)
System memory in use before: 116.2 MB.
System memory in use after: 113.4 MB.

Unloading 51 unused Assets to reduce memory usage. Loaded Objects now: 3110.
Total: 19.156100 ms (FindLiveObjects: 0.579800 ms CreateObjectMapping: 0.253100 ms MarkObjects: 16.650400 ms  DeleteObjects: 1.670800 ms)

========================================================================
Received Import Request.
  Time since last request: 166.391591 seconds.
  path: Assets/RETINA-Dashboard/Networking/Attempt2/UIManager.cs
  artifactKey: Guid(ef0a534d8b80c474b8fdd40dd402d028) Importer(815301076,1909f56bfc062723c751e8b465ee728b)
Start importing Assets/RETINA-Dashboard/Networking/Attempt2/UIManager.cs using Guid(ef0a534d8b80c474b8fdd40dd402d028) Importer(815301076,1909f56bfc062723c751e8b465ee728b)  -> (artifact id: '3b0e5ebb5b658cf0a4cbb6eecf4f6f01') in 0.005261 seconds
  Import took 0.009193 seconds .

========================================================================
Received Prepare
Registering precompiled user dll's ...
Registered in 0.004391 seconds.
Begin MonoManager ReloadAssembly
Native extension for WindowsStandalone target not found
Native extension for WebGL target not found
Refreshing native plugins compatible for Editor in 0.45 ms, found 0 plugins.
Preloading 0 native plugins for Editor in 0.00 ms.
Invoked RoslynAnalysisRunner static constructor.
RoslynAnalysisRunner will not be running.
RoslynAnalysisRunner has terminated.
Mono: successfully reloaded assembly
- Completed reload, in  1.069 seconds
Platform modules already initialized, skipping
Shader 'Universal Render Pipeline/Particles/Lit': fallback shader 'Universal Render Pipeline/Particles/SimpleLit' not found
Shader 'Universal Render Pipeline/Particles/Lit': fallback shader 'Universal Render Pipeline/Particles/SimpleLit' not found
Refreshing native plugins compatible for Editor in 0.52 ms, found 0 plugins.
Preloading 0 native plugins for Editor in 0.00 ms.
Unloading 2564 Unused Serialized files (Serialized files now loaded: 0)
System memory in use before: 116.2 MB.
System memory in use after: 113.4 MB.

Unloading 51 unused Assets to reduce memory usage. Loaded Objects now: 3113.
Total: 19.049600 ms (FindLiveObjects: 0.530800 ms CreateObjectMapping: 0.219800 ms MarkObjects: 16.810900 ms  DeleteObjects: 1.486700 ms)

========================================================================
Received Prepare
Registering precompiled user dll's ...
Registered in 0.004360 seconds.
Begin MonoManager ReloadAssembly
Native extension for WindowsStandalone target not found
Native extension for WebGL target not found
Refreshing native plugins compatible for Editor in 1.04 ms, found 0 plugins.
Preloading 0 native plugins for Editor in 0.00 ms.
Invoked RoslynAnalysisRunner static constructor.
RoslynAnalysisRunner will not be running.
RoslynAnalysisRunner has terminated.
Mono: successfully reloaded assembly
- Completed reload, in  1.179 seconds
Platform modules already initialized, skipping
Shader 'Universal Render Pipeline/Particles/Lit': fallback shader 'Universal Render Pipeline/Particles/SimpleLit' not found
Shader 'Universal Render Pipeline/Particles/Lit': fallback shader 'Universal Render Pipeline/Particles/SimpleLit' not found
Refreshing native plugins compatible for Editor in 0.42 ms, found 0 plugins.
Preloading 0 native plugins for Editor in 0.00 ms.
Unloading 2565 Unused Serialized files (Serialized files now loaded: 0)
System memory in use before: 116.2 MB.
System memory in use after: 113.5 MB.

Unloading 51 unused Assets to reduce memory usage. Loaded Objects now: 3117.
Total: 21.934200 ms (FindLiveObjects: 0.789600 ms CreateObjectMapping: 0.363100 ms MarkObjects: 19.410800 ms  DeleteObjects: 1.349700 ms)

========================================================================
Received Import Request.
  Time since last request: 2072.152309 seconds.
  path: Assets/RETINA-Dashboard/Networking/Attempt2/ClientHandle.cs
  artifactKey: Guid(a1d76941b385e27469d8210aa6549ea3) Importer(815301076,1909f56bfc062723c751e8b465ee728b)
Start importing Assets/RETINA-Dashboard/Networking/Attempt2/ClientHandle.cs using Guid(a1d76941b385e27469d8210aa6549ea3) Importer(815301076,1909f56bfc062723c751e8b465ee728b)  -> (artifact id: '4335ba6c7582714b3a96ee110e103eaf') in 0.011402 seconds
  Import took 0.017887 seconds .

========================================================================
Received Import Request.
  Time since last request: 9.533519 seconds.
  path: Assets/RETINA-Dashboard/Networking/Attempt2/Packet.cs
  artifactKey: Guid(f1ab66cc9dcbf3948870abfa7e993f8d) Importer(815301076,1909f56bfc062723c751e8b465ee728b)
Start importing Assets/RETINA-Dashboard/Networking/Attempt2/Packet.cs using Guid(f1ab66cc9dcbf3948870abfa7e993f8d) Importer(815301076,1909f56bfc062723c751e8b465ee728b)  -> (artifact id: '4ec1dec304329e8e827366799050d576') in 0.008384 seconds
  Import took 0.013415 seconds .

========================================================================
Received Prepare
Registering precompiled user dll's ...
Registered in 0.004241 seconds.
Begin MonoManager ReloadAssembly
Native extension for WindowsStandalone target not found
Native extension for WebGL target not found
Refreshing native plugins compatible for Editor in 0.49 ms, found 0 plugins.
Preloading 0 native plugins for Editor in 0.00 ms.
Invoked RoslynAnalysisRunner static constructor.
RoslynAnalysisRunner will not be running.
RoslynAnalysisRunner has terminated.
Mono: successfully reloaded assembly
- Completed reload, in  1.294 seconds
Platform modules already initialized, skipping
Shader 'Universal Render Pipeline/Particles/Lit': fallback shader 'Universal Render Pipeline/Particles/SimpleLit' not found
Shader 'Universal Render Pipeline/Particles/Lit': fallback shader 'Universal Render Pipeline/Particles/SimpleLit' not found
Refreshing native plugins compatible for Editor in 0.44 ms, found 0 plugins.
Preloading 0 native plugins for Editor in 0.00 ms.
Unloading 2566 Unused Serialized files (Serialized files now loaded: 0)
System memory in use before: 116.3 MB.
System memory in use after: 113.5 MB.

Unloading 51 unused Assets to reduce memory usage. Loaded Objects now: 3121.
Total: 18.246600 ms (FindLiveObjects: 0.348800 ms CreateObjectMapping: 0.101700 ms MarkObjects: 15.874700 ms  DeleteObjects: 1.919900 ms)

========================================================================
Received Import Request.
  Time since last request: 14.165565 seconds.
  path: Assets/RETINA-Dashboard/Networking/Attempt2/ThreadManager.cs
  artifactKey: Guid(9794bdb559c54ca41af4b760d0e39650) Importer(815301076,1909f56bfc062723c751e8b465ee728b)
Start importing Assets/RETINA-Dashboard/Networking/Attempt2/ThreadManager.cs using Guid(9794bdb559c54ca41af4b760d0e39650) Importer(815301076,1909f56bfc062723c751e8b465ee728b)  -> (artifact id: '09c9e7a952f00e31e242e6e1239fee8e') in 0.011230 seconds
  Import took 0.015887 seconds .

========================================================================
Received Prepare
Registering precompiled user dll's ...
Registered in 0.006411 seconds.
Begin MonoManager ReloadAssembly
Native extension for WindowsStandalone target not found
Native extension for WebGL target not found
Refreshing native plugins compatible for Editor in 0.42 ms, found 0 plugins.
Preloading 0 native plugins for Editor in 0.00 ms.
Invoked RoslynAnalysisRunner static constructor.
RoslynAnalysisRunner will not be running.
RoslynAnalysisRunner has terminated.
Mono: successfully reloaded assembly
- Completed reload, in  1.140 seconds
Platform modules already initialized, skipping
Shader 'Universal Render Pipeline/Particles/Lit': fallback shader 'Universal Render Pipeline/Particles/SimpleLit' not found
Shader 'Universal Render Pipeline/Particles/Lit': fallback shader 'Universal Render Pipeline/Particles/SimpleLit' not found
Refreshing native plugins compatible for Editor in 0.44 ms, found 0 plugins.
Preloading 0 native plugins for Editor in 0.00 ms.
Unloading 2567 Unused Serialized files (Serialized files now loaded: 0)
System memory in use before: 116.2 MB.
System memory in use after: 113.5 MB.

Unloading 51 unused Assets to reduce memory usage. Loaded Objects now: 3125.
Total: 19.131600 ms (FindLiveObjects: 0.288600 ms CreateObjectMapping: 0.158900 ms MarkObjects: 16.936400 ms  DeleteObjects: 1.746100 ms)

========================================================================
Received Prepare
Registering precompiled user dll's ...
Registered in 0.004213 seconds.
Begin MonoManager ReloadAssembly
Native extension for WindowsStandalone target not found
Native extension for WebGL target not found
Refreshing native plugins compatible for Editor in 0.43 ms, found 0 plugins.
Preloading 0 native plugins for Editor in 0.00 ms.
Invoked RoslynAnalysisRunner static constructor.
RoslynAnalysisRunner will not be running.
RoslynAnalysisRunner has terminated.
Mono: successfully reloaded assembly
- Completed reload, in  1.032 seconds
Platform modules already initialized, skipping
Shader 'Universal Render Pipeline/Particles/Lit': fallback shader 'Universal Render Pipeline/Particles/SimpleLit' not found
Shader 'Universal Render Pipeline/Particles/Lit': fallback shader 'Universal Render Pipeline/Particles/SimpleLit' not found
Refreshing native plugins compatible for Editor in 0.44 ms, found 0 plugins.
Preloading 0 native plugins for Editor in 0.00 ms.
Unloading 2567 Unused Serialized files (Serialized files now loaded: 0)
System memory in use before: 116.2 MB.
System memory in use after: 113.5 MB.

Unloading 51 unused Assets to reduce memory usage. Loaded Objects now: 3128.
Total: 16.682200 ms (FindLiveObjects: 0.423000 ms CreateObjectMapping: 0.125600 ms MarkObjects: 14.193400 ms  DeleteObjects: 1.939200 ms)

========================================================================
Received Import Request.
  Time since last request: 156.004177 seconds.
  path: Assets/RETINA-Dashboard/Networking/Attempt2/ThreadManager.cs
  artifactKey: Guid(9794bdb559c54ca41af4b760d0e39650) Importer(815301076,1909f56bfc062723c751e8b465ee728b)
Start importing Assets/RETINA-Dashboard/Networking/Attempt2/ThreadManager.cs using Guid(9794bdb559c54ca41af4b760d0e39650) Importer(815301076,1909f56bfc062723c751e8b465ee728b)  -> (artifact id: '5052bdae6a84bfce7676b40bf519a3a1') in 0.005010 seconds
  Import took 0.010723 seconds .

========================================================================
Received Prepare
Registering precompiled user dll's ...
Registered in 0.004319 seconds.
Begin MonoManager ReloadAssembly
Native extension for WindowsStandalone target not found
Native extension for WebGL target not found
Refreshing native plugins compatible for Editor in 0.42 ms, found 0 plugins.
Preloading 0 native plugins for Editor in 0.00 ms.
Invoked RoslynAnalysisRunner static constructor.
RoslynAnalysisRunner will not be running.
RoslynAnalysisRunner has terminated.
Mono: successfully reloaded assembly
- Completed reload, in  1.061 seconds
Platform modules already initialized, skipping
Shader 'Universal Render Pipeline/Particles/Lit': fallback shader 'Universal Render Pipeline/Particles/SimpleLit' not found
Shader 'Universal Render Pipeline/Particles/Lit': fallback shader 'Universal Render Pipeline/Particles/SimpleLit' not found
Refreshing native plugins compatible for Editor in 0.43 ms, found 0 plugins.
Preloading 0 native plugins for Editor in 0.00 ms.
Unloading 2567 Unused Serialized files (Serialized files now loaded: 0)
System memory in use before: 116.3 MB.
System memory in use after: 113.6 MB.

Unloading 51 unused Assets to reduce memory usage. Loaded Objects now: 3131.
Total: 19.142700 ms (FindLiveObjects: 0.961400 ms CreateObjectMapping: 0.317100 ms MarkObjects: 15.982400 ms  DeleteObjects: 1.879200 ms)

========================================================================
Received Import Request.
  Time since last request: 110.738040 seconds.
  path: Assets/RETINA-Dashboard/Networking/Attempt2/Packet.cs
  artifactKey: Guid(f1ab66cc9dcbf3948870abfa7e993f8d) Importer(815301076,1909f56bfc062723c751e8b465ee728b)
Start importing Assets/RETINA-Dashboard/Networking/Attempt2/Packet.cs using Guid(f1ab66cc9dcbf3948870abfa7e993f8d) Importer(815301076,1909f56bfc062723c751e8b465ee728b)  -> (artifact id: '80759b4bb551baeb850f9dd7beb91cbd') in 0.005544 seconds
  Import took 0.009928 seconds .

========================================================================
Received Prepare
Registering precompiled user dll's ...
Registered in 0.004312 seconds.
Begin MonoManager ReloadAssembly
Native extension for WindowsStandalone target not found
Native extension for WebGL target not found
Refreshing native plugins compatible for Editor in 0.42 ms, found 0 plugins.
Preloading 0 native plugins for Editor in 0.00 ms.
Invoked RoslynAnalysisRunner static constructor.
RoslynAnalysisRunner will not be running.
RoslynAnalysisRunner has terminated.
Mono: successfully reloaded assembly
- Completed reload, in  1.028 seconds
Platform modules already initialized, skipping
Shader 'Universal Render Pipeline/Particles/Lit': fallback shader 'Universal Render Pipeline/Particles/SimpleLit' not found
Shader 'Universal Render Pipeline/Particles/Lit': fallback shader 'Universal Render Pipeline/Particles/SimpleLit' not found
Refreshing native plugins compatible for Editor in 0.80 ms, found 0 plugins.
Preloading 0 native plugins for Editor in 0.00 ms.
Unloading 2567 Unused Serialized files (Serialized files now loaded: 0)
System memory in use before: 116.3 MB.
System memory in use after: 113.6 MB.

Unloading 51 unused Assets to reduce memory usage. Loaded Objects now: 3134.
Total: 18.090100 ms (FindLiveObjects: 0.331800 ms CreateObjectMapping: 0.156100 ms MarkObjects: 16.009100 ms  DeleteObjects: 1.591200 ms)

========================================================================
Received Import Request.
  Time since last request: 41.738600 seconds.
  path: Assets/RETINA-Dashboard/Networking/Attempt2/ClientHandle.cs
  artifactKey: Guid(a1d76941b385e27469d8210aa6549ea3) Importer(815301076,1909f56bfc062723c751e8b465ee728b)
Start importing Assets/RETINA-Dashboard/Networking/Attempt2/ClientHandle.cs using Guid(a1d76941b385e27469d8210aa6549ea3) Importer(815301076,1909f56bfc062723c751e8b465ee728b)  -> (artifact id: 'eda99c8e9453881255bc1a6f2171548d') in 0.005391 seconds
  Import took 0.009777 seconds .

========================================================================
Received Prepare
Registering precompiled user dll's ...
Registered in 0.004294 seconds.
Begin MonoManager ReloadAssembly
Native extension for WindowsStandalone target not found
Native extension for WebGL target not found
Refreshing native plugins compatible for Editor in 0.42 ms, found 0 plugins.
Preloading 0 native plugins for Editor in 0.00 ms.
Invoked RoslynAnalysisRunner static constructor.
RoslynAnalysisRunner will not be running.
RoslynAnalysisRunner has terminated.
Mono: successfully reloaded assembly
- Completed reload, in  1.111 seconds
Platform modules already initialized, skipping
Shader 'Universal Render Pipeline/Particles/Lit': fallback shader 'Universal Render Pipeline/Particles/SimpleLit' not found
Shader 'Universal Render Pipeline/Particles/Lit': fallback shader 'Universal Render Pipeline/Particles/SimpleLit' not found
Refreshing native plugins compatible for Editor in 0.47 ms, found 0 plugins.
Preloading 0 native plugins for Editor in 0.00 ms.
Unloading 2567 Unused Serialized files (Serialized files now loaded: 0)
System memory in use before: 116.3 MB.
System memory in use after: 113.6 MB.

Unloading 51 unused Assets to reduce memory usage. Loaded Objects now: 3137.
Total: 18.736200 ms (FindLiveObjects: 0.586200 ms CreateObjectMapping: 0.352100 ms MarkObjects: 16.378200 ms  DeleteObjects: 1.418500 ms)

========================================================================
Received Import Request.
  Time since last request: 2643.894198 seconds.
  path: Assets/RETINA-Dashboard/Networking/Attempt2/ClientHandle.cs
  artifactKey: Guid(a1d76941b385e27469d8210aa6549ea3) Importer(815301076,1909f56bfc062723c751e8b465ee728b)
Start importing Assets/RETINA-Dashboard/Networking/Attempt2/ClientHandle.cs using Guid(a1d76941b385e27469d8210aa6549ea3) Importer(815301076,1909f56bfc062723c751e8b465ee728b)  -> (artifact id: '1fb151987e306d5e858e770eb46d8898') in 0.005174 seconds
  Import took 0.009796 seconds .

========================================================================
Received Import Request.
  Time since last request: 1.928092 seconds.
  path: Assets/RETINA-Dashboard/Networking/Attempt2/ClientHandle.cs
  artifactKey: Guid(a1d76941b385e27469d8210aa6549ea3) Importer(815301076,1909f56bfc062723c751e8b465ee728b)
Start importing Assets/RETINA-Dashboard/Networking/Attempt2/ClientHandle.cs using Guid(a1d76941b385e27469d8210aa6549ea3) Importer(815301076,1909f56bfc062723c751e8b465ee728b)  -> (artifact id: '1fb151987e306d5e858e770eb46d8898') in 0.002355 seconds
  Import took 0.006811 seconds .

========================================================================
Received Prepare
Registering precompiled user dll's ...
Registered in 0.004808 seconds.
Begin MonoManager ReloadAssembly
Native extension for WindowsStandalone target not found
Native extension for WebGL target not found
Refreshing native plugins compatible for Editor in 0.45 ms, found 0 plugins.
Preloading 0 native plugins for Editor in 0.00 ms.
Invoked RoslynAnalysisRunner static constructor.
RoslynAnalysisRunner will not be running.
RoslynAnalysisRunner has terminated.
Mono: successfully reloaded assembly
- Completed reload, in  1.120 seconds
Platform modules already initialized, skipping
Shader 'Universal Render Pipeline/Particles/Lit': fallback shader 'Universal Render Pipeline/Particles/SimpleLit' not found
Shader 'Universal Render Pipeline/Particles/Lit': fallback shader 'Universal Render Pipeline/Particles/SimpleLit' not found
Refreshing native plugins compatible for Editor in 0.47 ms, found 0 plugins.
Preloading 0 native plugins for Editor in 0.00 ms.
Unloading 2567 Unused Serialized files (Serialized files now loaded: 0)
System memory in use before: 116.4 MB.
System memory in use after: 113.6 MB.

Unloading 51 unused Assets to reduce memory usage. Loaded Objects now: 3140.
Total: 17.220700 ms (FindLiveObjects: 0.453800 ms CreateObjectMapping: 0.189400 ms MarkObjects: 14.574800 ms  DeleteObjects: 2.001100 ms)

========================================================================
Received Import Request.
  Time since last request: 40.290484 seconds.
  path: Assets/RETINA-Dashboard/Networking/Attempt2/ClientSend.cs
  artifactKey: Guid(65318b0da7eb18541910d84e49c64c70) Importer(815301076,1909f56bfc062723c751e8b465ee728b)
Start importing Assets/RETINA-Dashboard/Networking/Attempt2/ClientSend.cs using Guid(65318b0da7eb18541910d84e49c64c70) Importer(815301076,1909f56bfc062723c751e8b465ee728b)  -> (artifact id: 'ed182f9c6a994743f31e2819463b0582') in 0.009808 seconds
  Import took 0.014287 seconds .

========================================================================
Received Prepare
Registering precompiled user dll's ...
Registered in 0.004172 seconds.
Begin MonoManager ReloadAssembly
Native extension for WindowsStandalone target not found
Native extension for WebGL target not found
Refreshing native plugins compatible for Editor in 0.43 ms, found 0 plugins.
Preloading 0 native plugins for Editor in 0.00 ms.
Invoked RoslynAnalysisRunner static constructor.
RoslynAnalysisRunner will not be running.
RoslynAnalysisRunner has terminated.
Mono: successfully reloaded assembly
- Completed reload, in  1.100 seconds
Platform modules already initialized, skipping
Shader 'Universal Render Pipeline/Particles/Lit': fallback shader 'Universal Render Pipeline/Particles/SimpleLit' not found
Shader 'Universal Render Pipeline/Particles/Lit': fallback shader 'Universal Render Pipeline/Particles/SimpleLit' not found
Refreshing native plugins compatible for Editor in 0.42 ms, found 0 plugins.
Preloading 0 native plugins for Editor in 0.00 ms.
Unloading 2568 Unused Serialized files (Serialized files now loaded: 0)
System memory in use before: 116.4 MB.
System memory in use after: 113.6 MB.

Unloading 51 unused Assets to reduce memory usage. Loaded Objects now: 3144.
Total: 18.940000 ms (FindLiveObjects: 0.453500 ms CreateObjectMapping: 0.248000 ms MarkObjects: 16.863500 ms  DeleteObjects: 1.373800 ms)

========================================================================
Received Prepare
Registering precompiled user dll's ...
Registered in 0.004231 seconds.
Begin MonoManager ReloadAssembly
Native extension for WindowsStandalone target not found
Native extension for WebGL target not found
Refreshing native plugins compatible for Editor in 0.49 ms, found 0 plugins.
Preloading 0 native plugins for Editor in 0.00 ms.
Invoked RoslynAnalysisRunner static constructor.
RoslynAnalysisRunner will not be running.
RoslynAnalysisRunner has terminated.
Mono: successfully reloaded assembly
- Completed reload, in  1.123 seconds
Platform modules already initialized, skipping
Shader 'Universal Render Pipeline/Particles/Lit': fallback shader 'Universal Render Pipeline/Particles/SimpleLit' not found
Shader 'Universal Render Pipeline/Particles/Lit': fallback shader 'Universal Render Pipeline/Particles/SimpleLit' not found
Refreshing native plugins compatible for Editor in 0.43 ms, found 0 plugins.
Preloading 0 native plugins for Editor in 0.00 ms.
Unloading 2568 Unused Serialized files (Serialized files now loaded: 0)
System memory in use before: 116.4 MB.
System memory in use after: 113.6 MB.

Unloading 51 unused Assets to reduce memory usage. Loaded Objects now: 3147.
Total: 19.291100 ms (FindLiveObjects: 0.644800 ms CreateObjectMapping: 0.243400 ms MarkObjects: 16.919200 ms  DeleteObjects: 1.481500 ms)

========================================================================
Received Import Request.
  Time since last request: 4545.807181 seconds.
  path: Assets/RETINA-Dashboard/Networking/Attempt2/ClientSend.cs
  artifactKey: Guid(65318b0da7eb18541910d84e49c64c70) Importer(815301076,1909f56bfc062723c751e8b465ee728b)
Start importing Assets/RETINA-Dashboard/Networking/Attempt2/ClientSend.cs using Guid(65318b0da7eb18541910d84e49c64c70) Importer(815301076,1909f56bfc062723c751e8b465ee728b)  -> (artifact id: 'ad6b673ff2b62422e11cfaa2d0311536') in 0.005420 seconds
  Import took 0.011084 seconds .

========================================================================
Received Prepare
Registering precompiled user dll's ...
Registered in 0.004226 seconds.
Begin MonoManager ReloadAssembly
Native extension for WindowsStandalone target not found
Native extension for WebGL target not found
Refreshing native plugins compatible for Editor in 0.41 ms, found 0 plugins.
Preloading 0 native plugins for Editor in 0.00 ms.
Invoked RoslynAnalysisRunner static constructor.
RoslynAnalysisRunner will not be running.
RoslynAnalysisRunner has terminated.
Mono: successfully reloaded assembly
- Completed reload, in  1.046 seconds
Platform modules already initialized, skipping
Shader 'Universal Render Pipeline/Particles/Lit': fallback shader 'Universal Render Pipeline/Particles/SimpleLit' not found
Shader 'Universal Render Pipeline/Particles/Lit': fallback shader 'Universal Render Pipeline/Particles/SimpleLit' not found
Refreshing native plugins compatible for Editor in 0.42 ms, found 0 plugins.
Preloading 0 native plugins for Editor in 0.00 ms.
Unloading 2568 Unused Serialized files (Serialized files now loaded: 0)
System memory in use before: 116.4 MB.
System memory in use after: 113.6 MB.

Unloading 51 unused Assets to reduce memory usage. Loaded Objects now: 3150.
Total: 17.398400 ms (FindLiveObjects: 0.440500 ms CreateObjectMapping: 0.186200 ms MarkObjects: 15.476500 ms  DeleteObjects: 1.293700 ms)

========================================================================
Received Prepare
Registering precompiled user dll's ...
Registered in 0.004164 seconds.
Begin MonoManager ReloadAssembly
Native extension for WindowsStandalone target not found
Native extension for WebGL target not found
Refreshing native plugins compatible for Editor in 0.48 ms, found 0 plugins.
Preloading 0 native plugins for Editor in 0.00 ms.
Invoked RoslynAnalysisRunner static constructor.
RoslynAnalysisRunner will not be running.
RoslynAnalysisRunner has terminated.
Mono: successfully reloaded assembly
- Completed reload, in  1.117 seconds
Platform modules already initialized, skipping
Shader 'Universal Render Pipeline/Particles/Lit': fallback shader 'Universal Render Pipeline/Particles/SimpleLit' not found
Shader 'Universal Render Pipeline/Particles/Lit': fallback shader 'Universal Render Pipeline/Particles/SimpleLit' not found
Refreshing native plugins compatible for Editor in 0.43 ms, found 0 plugins.
Preloading 0 native plugins for Editor in 0.00 ms.
Unloading 2568 Unused Serialized files (Serialized files now loaded: 0)
System memory in use before: 116.4 MB.
System memory in use after: 113.6 MB.

Unloading 51 unused Assets to reduce memory usage. Loaded Objects now: 3153.
Total: 29.959100 ms (FindLiveObjects: 0.772500 ms CreateObjectMapping: 0.605000 ms MarkObjects: 27.289200 ms  DeleteObjects: 1.289000 ms)

========================================================================
Received Prepare
Registering precompiled user dll's ...
Registered in 0.004267 seconds.
Begin MonoManager ReloadAssembly
Native extension for WindowsStandalone target not found
Native extension for WebGL target not found
Refreshing native plugins compatible for Editor in 0.41 ms, found 0 plugins.
Preloading 0 native plugins for Editor in 0.00 ms.
Invoked RoslynAnalysisRunner static constructor.
RoslynAnalysisRunner will not be running.
RoslynAnalysisRunner has terminated.
Mono: successfully reloaded assembly
- Completed reload, in  1.040 seconds
Platform modules already initialized, skipping
Shader 'Universal Render Pipeline/Particles/Lit': fallback shader 'Universal Render Pipeline/Particles/SimpleLit' not found
Shader 'Universal Render Pipeline/Particles/Lit': fallback shader 'Universal Render Pipeline/Particles/SimpleLit' not found
Refreshing native plugins compatible for Editor in 0.48 ms, found 0 plugins.
Preloading 0 native plugins for Editor in 0.00 ms.
Unloading 2568 Unused Serialized files (Serialized files now loaded: 0)
System memory in use before: 116.4 MB.
System memory in use after: 113.6 MB.

Unloading 51 unused Assets to reduce memory usage. Loaded Objects now: 3156.
Total: 19.102800 ms (FindLiveObjects: 0.837800 ms CreateObjectMapping: 0.505300 ms MarkObjects: 16.366600 ms  DeleteObjects: 1.391900 ms)

AssetImportWorkerClient::OnTransportError - code=2 error=End of file
