Using pre-set license
Built from '2020.3/release' branch; Version is '2020.3.2f1 (8fd9074bf66c) revision 9427207'; Using compiler version '192528614'; Build Type 'Release'
OS: 'Windows 10 Home; OS build 19042.985; Version 2009; 64bit' Language: 'en' Physical Memory: 16201 MB
BatchMode: 1, IsHumanControllingUs: 0, StartBugReporterOnCrash: 0, Is64bit: 1, IsPro: 0

 COMMAND LINE ARGUMENTS:
C:\Program Files\Unity\Hub\Editor\2020.3.2f1\Editor\Unity.exe
-adb2
-batchMode
-noUpm
-name
AssetImportWorker0
-projectPath
C:/Users/pmass/Documents/Unity/RETINA dashboard/RETINA Dashboard Unity
-logFile
Logs/AssetImportWorker0.log
-srvPort
54019
Successfully changed project path to: C:/Users/pmass/Documents/Unity/RETINA dashboard/RETINA Dashboard Unity
C:/Users/pmass/Documents/Unity/RETINA dashboard/RETINA Dashboard Unity
Using Asset Import Pipeline V2.
Refreshing native plugins compatible for Editor in 44.18 ms, found 0 plugins.
Preloading 0 native plugins for Editor in 0.00 ms.
Initialize engine version: 2020.3.2f1 (8fd9074bf66c)
[Subsystems] Discovering subsystems at path C:/Program Files/Unity/Hub/Editor/2020.3.2f1/Editor/Data/Resources/UnitySubsystems
[Subsystems] Discovering subsystems at path C:/Users/pmass/Documents/Unity/RETINA dashboard/RETINA Dashboard Unity/Assets
GfxDevice: creating device client; threaded=0
Direct3D:
    Version:  Direct3D 11.0 [level 11.1]
    Renderer: NVIDIA GeForce RTX 2060 (ID=0x1f15)
    Vendor:   
    VRAM:     5980 MB
    Driver:   27.21.14.6089
Initialize mono
Mono path[0] = 'C:/Program Files/Unity/Hub/Editor/2020.3.2f1/Editor/Data/Managed'
Mono path[1] = 'C:/Program Files/Unity/Hub/Editor/2020.3.2f1/Editor/Data/MonoBleedingEdge/lib/mono/unityjit'
Mono config path = 'C:/Program Files/Unity/Hub/Editor/2020.3.2f1/Editor/Data/MonoBleedingEdge/etc'
Using monoOptions --debugger-agent=transport=dt_socket,embedding=1,server=y,suspend=n,address=127.0.0.1:56600
Begin MonoManager ReloadAssembly
Registering precompiled unity dll's ...
Register platform support module: C:/Program Files/Unity/Hub/Editor/2020.3.2f1/Editor/Data/PlaybackEngines/WebGLSupport/UnityEditor.WebGL.Extensions.dll
Register platform support module: C:/Program Files/Unity/Hub/Editor/2020.3.2f1/Editor/Data/PlaybackEngines/WindowsStandaloneSupport/UnityEditor.WindowsStandalone.Extensions.dll
Registered in 0.001871 seconds.
Native extension for WindowsStandalone target not found
Native extension for WebGL target not found
Refreshing native plugins compatible for Editor in 44.31 ms, found 0 plugins.
Preloading 0 native plugins for Editor in 0.00 ms.
Invoked RoslynAnalysisRunner static constructor.
RoslynAnalysisRunner will not be running.
RoslynAnalysisRunner has terminated.
Mono: successfully reloaded assembly
- Completed reload, in  1.781 seconds
Platform modules already initialized, skipping
Registering precompiled user dll's ...
Registered in 0.004628 seconds.
Begin MonoManager ReloadAssembly
Native extension for WindowsStandalone target not found
Native extension for WebGL target not found
Refreshing native plugins compatible for Editor in 49.04 ms, found 0 plugins.
Preloading 0 native plugins for Editor in 0.00 ms.
Invoked RoslynAnalysisRunner static constructor.
RoslynAnalysisRunner will not be running.
RoslynAnalysisRunner has terminated.
Mono: successfully reloaded assembly
- Completed reload, in  1.364 seconds
Platform modules already initialized, skipping
========================================================================
Worker process is ready to serve import requests
Shader 'Universal Render Pipeline/Particles/Lit': fallback shader 'Universal Render Pipeline/Particles/SimpleLit' not found
Shader 'Universal Render Pipeline/Particles/Lit': fallback shader 'Universal Render Pipeline/Particles/SimpleLit' not found
Launched and connected shader compiler UnityShaderCompiler.exe after 0.04 seconds
Refreshing native plugins compatible for Editor in 0.48 ms, found 0 plugins.
Preloading 0 native plugins for Editor in 0.00 ms.
Unloading 2642 Unused Serialized files (Serialized files now loaded: 0)
System memory in use before: 119.6 MB.
System memory in use after: 116.8 MB.

Unloading 56 unused Assets to reduce memory usage. Loaded Objects now: 3096.
Total: 22.072700 ms (FindLiveObjects: 0.584600 ms CreateObjectMapping: 0.280300 ms MarkObjects: 19.724000 ms  DeleteObjects: 1.482200 ms)

========================================================================
Received Import Request.
  path: Assets/RETINA-Dashboard/Networking/Attempt2/Client.cs
  artifactKey: Guid(ffab2602b63fd8847ac6e4042be0fa33) Importer(815301076,1909f56bfc062723c751e8b465ee728b)
Start importing Assets/RETINA-Dashboard/Networking/Attempt2/Client.cs using Guid(ffab2602b63fd8847ac6e4042be0fa33) Importer(815301076,1909f56bfc062723c751e8b465ee728b)  -> (artifact id: '478c84ba42ff6b9e074f5d5e2570d9f7') in 0.025903 seconds
  Import took 0.031573 seconds .

========================================================================
Received Import Request.
  Time since last request: 29.368917 seconds.
  path: Assets/RETINA-Dashboard/Networking/Attempt2/Client.cs
  artifactKey: Guid(ffab2602b63fd8847ac6e4042be0fa33) Importer(815301076,1909f56bfc062723c751e8b465ee728b)
Start importing Assets/RETINA-Dashboard/Networking/Attempt2/Client.cs using Guid(ffab2602b63fd8847ac6e4042be0fa33) Importer(815301076,1909f56bfc062723c751e8b465ee728b)  -> (artifact id: 'bdba63607d48ea65411c03f3d98f89b9') in 0.002468 seconds
  Import took 0.008323 seconds .

========================================================================
Received Import Request.
  Time since last request: 4.862452 seconds.
  path: Assets/RETINA-Dashboard/Networking/Attempt2/Client.cs
  artifactKey: Guid(ffab2602b63fd8847ac6e4042be0fa33) Importer(815301076,1909f56bfc062723c751e8b465ee728b)
Start importing Assets/RETINA-Dashboard/Networking/Attempt2/Client.cs using Guid(ffab2602b63fd8847ac6e4042be0fa33) Importer(815301076,1909f56bfc062723c751e8b465ee728b)  -> (artifact id: '531769dfa89a6f49808f4e2e34cd2aa1') in 0.002376 seconds
  Import took 0.006852 seconds .

========================================================================
Received Import Request.
  Time since last request: 7.253904 seconds.
  path: Assets/RETINA-Dashboard/Networking/Attempt2/Client.cs
  artifactKey: Guid(ffab2602b63fd8847ac6e4042be0fa33) Importer(815301076,1909f56bfc062723c751e8b465ee728b)
Start importing Assets/RETINA-Dashboard/Networking/Attempt2/Client.cs using Guid(ffab2602b63fd8847ac6e4042be0fa33) Importer(815301076,1909f56bfc062723c751e8b465ee728b)  -> (artifact id: 'e4ea4e1f5fac8de633aef33ee1930bf8') in 0.002491 seconds
  Import took 0.007256 seconds .

========================================================================
Received Prepare
Registering precompiled user dll's ...
Registered in 0.006049 seconds.
Begin MonoManager ReloadAssembly
Native extension for WindowsStandalone target not found
Native extension for WebGL target not found
Refreshing native plugins compatible for Editor in 0.53 ms, found 0 plugins.
Preloading 0 native plugins for Editor in 0.00 ms.
Invoked RoslynAnalysisRunner static constructor.
RoslynAnalysisRunner will not be running.
RoslynAnalysisRunner has terminated.
Mono: successfully reloaded assembly
- Completed reload, in  1.081 seconds
Platform modules already initialized, skipping
Shader 'Universal Render Pipeline/Particles/Lit': fallback shader 'Universal Render Pipeline/Particles/SimpleLit' not found
Shader 'Universal Render Pipeline/Particles/Lit': fallback shader 'Universal Render Pipeline/Particles/SimpleLit' not found
Refreshing native plugins compatible for Editor in 0.43 ms, found 0 plugins.
Preloading 0 native plugins for Editor in 0.00 ms.
Unloading 2568 Unused Serialized files (Serialized files now loaded: 0)
System memory in use before: 116.1 MB.
System memory in use after: 113.3 MB.

Unloading 51 unused Assets to reduce memory usage. Loaded Objects now: 3099.
Total: 16.136500 ms (FindLiveObjects: 0.336800 ms CreateObjectMapping: 0.080300 ms MarkObjects: 14.171400 ms  DeleteObjects: 1.546300 ms)

========================================================================
Received Prepare
Registering precompiled user dll's ...
Registered in 0.008153 seconds.
Begin MonoManager ReloadAssembly
Native extension for WindowsStandalone target not found
Native extension for WebGL target not found
Refreshing native plugins compatible for Editor in 0.42 ms, found 0 plugins.
Preloading 0 native plugins for Editor in 0.00 ms.
Invoked RoslynAnalysisRunner static constructor.
RoslynAnalysisRunner will not be running.
RoslynAnalysisRunner has terminated.
Mono: successfully reloaded assembly
- Completed reload, in  1.173 seconds
Platform modules already initialized, skipping
Shader 'Universal Render Pipeline/Particles/Lit': fallback shader 'Universal Render Pipeline/Particles/SimpleLit' not found
Shader 'Universal Render Pipeline/Particles/Lit': fallback shader 'Universal Render Pipeline/Particles/SimpleLit' not found
Refreshing native plugins compatible for Editor in 0.42 ms, found 0 plugins.
Preloading 0 native plugins for Editor in 0.00 ms.
Unloading 2568 Unused Serialized files (Serialized files now loaded: 0)
System memory in use before: 116.1 MB.
System memory in use after: 113.4 MB.

Unloading 51 unused Assets to reduce memory usage. Loaded Objects now: 3102.
Total: 18.203900 ms (FindLiveObjects: 0.276800 ms CreateObjectMapping: 0.156600 ms MarkObjects: 16.403400 ms  DeleteObjects: 1.365400 ms)

========================================================================
Received Import Request.
  Time since last request: 4681.763718 seconds.
  path: Assets/RETINA-Dashboard/Networking/Attempt2/Client.cs
  artifactKey: Guid(ffab2602b63fd8847ac6e4042be0fa33) Importer(815301076,1909f56bfc062723c751e8b465ee728b)
Start importing Assets/RETINA-Dashboard/Networking/Attempt2/Client.cs using Guid(ffab2602b63fd8847ac6e4042be0fa33) Importer(815301076,1909f56bfc062723c751e8b465ee728b)  -> (artifact id: '4c26d0a0da10441229fdefb18481df33') in 0.008521 seconds
  Import took 0.013064 seconds .

========================================================================
Received Import Request.
  Time since last request: 0.134868 seconds.
  path: Assets/RETINA-Dashboard/Networking/Attempt2/Client.cs
  artifactKey: Guid(ffab2602b63fd8847ac6e4042be0fa33) Importer(815301076,1909f56bfc062723c751e8b465ee728b)
Start importing Assets/RETINA-Dashboard/Networking/Attempt2/Client.cs using Guid(ffab2602b63fd8847ac6e4042be0fa33) Importer(815301076,1909f56bfc062723c751e8b465ee728b)  -> (artifact id: '4c26d0a0da10441229fdefb18481df33') in 0.002505 seconds
  Import took 0.006035 seconds .

========================================================================
Received Prepare
Registering precompiled user dll's ...
Registered in 0.004308 seconds.
Begin MonoManager ReloadAssembly
Native extension for WindowsStandalone target not found
Native extension for WebGL target not found
Refreshing native plugins compatible for Editor in 0.42 ms, found 0 plugins.
Preloading 0 native plugins for Editor in 0.00 ms.
Invoked RoslynAnalysisRunner static constructor.
RoslynAnalysisRunner will not be running.
RoslynAnalysisRunner has terminated.
Mono: successfully reloaded assembly
- Completed reload, in  1.087 seconds
Platform modules already initialized, skipping
Shader 'Universal Render Pipeline/Particles/Lit': fallback shader 'Universal Render Pipeline/Particles/SimpleLit' not found
Shader 'Universal Render Pipeline/Particles/Lit': fallback shader 'Universal Render Pipeline/Particles/SimpleLit' not found
Refreshing native plugins compatible for Editor in 0.42 ms, found 0 plugins.
Preloading 0 native plugins for Editor in 0.00 ms.
Unloading 2568 Unused Serialized files (Serialized files now loaded: 0)
System memory in use before: 116.1 MB.
System memory in use after: 113.4 MB.

Unloading 51 unused Assets to reduce memory usage. Loaded Objects now: 3105.
Total: 18.277600 ms (FindLiveObjects: 0.596500 ms CreateObjectMapping: 0.255700 ms MarkObjects: 16.130000 ms  DeleteObjects: 1.294200 ms)

========================================================================
Received Prepare
Registering precompiled user dll's ...
Registered in 0.004546 seconds.
Begin MonoManager ReloadAssembly
Native extension for WindowsStandalone target not found
Native extension for WebGL target not found
Refreshing native plugins compatible for Editor in 0.43 ms, found 0 plugins.
Preloading 0 native plugins for Editor in 0.00 ms.
Invoked RoslynAnalysisRunner static constructor.
RoslynAnalysisRunner will not be running.
RoslynAnalysisRunner has terminated.
Mono: successfully reloaded assembly
- Completed reload, in  1.177 seconds
Platform modules already initialized, skipping
Shader 'Universal Render Pipeline/Particles/Lit': fallback shader 'Universal Render Pipeline/Particles/SimpleLit' not found
Shader 'Universal Render Pipeline/Particles/Lit': fallback shader 'Universal Render Pipeline/Particles/SimpleLit' not found
Refreshing native plugins compatible for Editor in 0.42 ms, found 0 plugins.
Preloading 0 native plugins for Editor in 0.00 ms.
Unloading 2568 Unused Serialized files (Serialized files now loaded: 0)
System memory in use before: 116.2 MB.
System memory in use after: 113.5 MB.

Unloading 51 unused Assets to reduce memory usage. Loaded Objects now: 3108.
Total: 18.722000 ms (FindLiveObjects: 0.257800 ms CreateObjectMapping: 0.120700 ms MarkObjects: 16.633800 ms  DeleteObjects: 1.708300 ms)

========================================================================
Received Prepare
Registering precompiled user dll's ...
Registered in 0.005331 seconds.
Begin MonoManager ReloadAssembly
Native extension for WindowsStandalone target not found
Native extension for WebGL target not found
Refreshing native plugins compatible for Editor in 0.42 ms, found 0 plugins.
Preloading 0 native plugins for Editor in 0.00 ms.
Invoked RoslynAnalysisRunner static constructor.
RoslynAnalysisRunner will not be running.
RoslynAnalysisRunner has terminated.
Mono: successfully reloaded assembly
- Completed reload, in  1.074 seconds
Platform modules already initialized, skipping
Shader 'Universal Render Pipeline/Particles/Lit': fallback shader 'Universal Render Pipeline/Particles/SimpleLit' not found
Shader 'Universal Render Pipeline/Particles/Lit': fallback shader 'Universal Render Pipeline/Particles/SimpleLit' not found
Refreshing native plugins compatible for Editor in 0.43 ms, found 0 plugins.
Preloading 0 native plugins for Editor in 0.00 ms.
Unloading 2568 Unused Serialized files (Serialized files now loaded: 0)
System memory in use before: 116.3 MB.
System memory in use after: 113.5 MB.

Unloading 51 unused Assets to reduce memory usage. Loaded Objects now: 3111.
Total: 23.557800 ms (FindLiveObjects: 0.420500 ms CreateObjectMapping: 0.230100 ms MarkObjects: 19.031800 ms  DeleteObjects: 3.872800 ms)

========================================================================
Received Prepare
Registering precompiled user dll's ...
Registered in 0.004091 seconds.
Begin MonoManager ReloadAssembly
Native extension for WindowsStandalone target not found
Native extension for WebGL target not found
Refreshing native plugins compatible for Editor in 0.41 ms, found 0 plugins.
Preloading 0 native plugins for Editor in 0.00 ms.
Invoked RoslynAnalysisRunner static constructor.
RoslynAnalysisRunner will not be running.
RoslynAnalysisRunner has terminated.
Mono: successfully reloaded assembly
- Completed reload, in  1.029 seconds
Platform modules already initialized, skipping
Shader 'Universal Render Pipeline/Particles/Lit': fallback shader 'Universal Render Pipeline/Particles/SimpleLit' not found
Shader 'Universal Render Pipeline/Particles/Lit': fallback shader 'Universal Render Pipeline/Particles/SimpleLit' not found
Refreshing native plugins compatible for Editor in 0.44 ms, found 0 plugins.
Preloading 0 native plugins for Editor in 0.00 ms.
Unloading 2568 Unused Serialized files (Serialized files now loaded: 0)
System memory in use before: 116.3 MB.
System memory in use after: 113.5 MB.

Unloading 51 unused Assets to reduce memory usage. Loaded Objects now: 3114.
Total: 18.407200 ms (FindLiveObjects: 0.489700 ms CreateObjectMapping: 0.262100 ms MarkObjects: 16.283600 ms  DeleteObjects: 1.369700 ms)

========================================================================
Received Prepare
Registering precompiled user dll's ...
Registered in 0.004365 seconds.
Begin MonoManager ReloadAssembly
Native extension for WindowsStandalone target not found
Native extension for WebGL target not found
Refreshing native plugins compatible for Editor in 0.51 ms, found 0 plugins.
Preloading 0 native plugins for Editor in 0.00 ms.
Invoked RoslynAnalysisRunner static constructor.
RoslynAnalysisRunner will not be running.
RoslynAnalysisRunner has terminated.
Mono: successfully reloaded assembly
- Completed reload, in  1.072 seconds
Platform modules already initialized, skipping
Shader 'Universal Render Pipeline/Particles/Lit': fallback shader 'Universal Render Pipeline/Particles/SimpleLit' not found
Shader 'Universal Render Pipeline/Particles/Lit': fallback shader 'Universal Render Pipeline/Particles/SimpleLit' not found
Refreshing native plugins compatible for Editor in 0.43 ms, found 0 plugins.
Preloading 0 native plugins for Editor in 0.00 ms.
Unloading 2568 Unused Serialized files (Serialized files now loaded: 0)
System memory in use before: 116.3 MB.
System memory in use after: 113.6 MB.

Unloading 51 unused Assets to reduce memory usage. Loaded Objects now: 3117.
Total: 19.233700 ms (FindLiveObjects: 0.339000 ms CreateObjectMapping: 0.127700 ms MarkObjects: 17.335600 ms  DeleteObjects: 1.430000 ms)

AssetImportWorkerClient::OnTransportError - code=2 error=End of file
