Using pre-set license
Built from '2020.3/staging' branch; Version is '2020.3.9f1 (108be757e447) revision 1084391'; Using compiler version '192528614'; Build Type 'Release'
OS: 'Windows 10 Home; OS build 19042.985; Version 2009; 64bit' Language: 'en' Physical Memory: 16202 MB
BatchMode: 1, IsHumanControllingUs: 0, StartBugReporterOnCrash: 0, Is64bit: 1, IsPro: 0

 COMMAND LINE ARGUMENTS:
C:\Program Files\Unity\Hub\Editor\2020.3.9f1\Editor\Unity.exe
-adb2
-batchMode
-noUpm
-name
AssetImportWorker0
-projectPath
C:/Users/pmass/Documents/Unity/RETINA dashboard/RETINA Multiplayer Client
-logFile
Logs/AssetImportWorker0.log
-srvPort
52016
Successfully changed project path to: C:/Users/pmass/Documents/Unity/RETINA dashboard/RETINA Multiplayer Client
C:/Users/pmass/Documents/Unity/RETINA dashboard/RETINA Multiplayer Client
Using Asset Import Pipeline V2.
Refreshing native plugins compatible for Editor in 64.74 ms, found 0 plugins.
Preloading 0 native plugins for Editor in 0.00 ms.
Initialize engine version: 2020.3.9f1 (108be757e447)
[Subsystems] Discovering subsystems at path C:/Program Files/Unity/Hub/Editor/2020.3.9f1/Editor/Data/Resources/UnitySubsystems
[Subsystems] Discovering subsystems at path C:/Users/pmass/Documents/Unity/RETINA dashboard/RETINA Multiplayer Client/Assets
GfxDevice: creating device client; threaded=0
Direct3D:
    Version:  Direct3D 11.0 [level 11.1]
    Renderer: NVIDIA GeForce RTX 2060 (ID=0x1f15)
    Vendor:   
    VRAM:     5980 MB
    Driver:   27.21.14.6089
Shader 'Universal Render Pipeline/Particles/Lit': fallback shader 'Universal Render Pipeline/Particles/SimpleLit' not found
Initialize mono
Mono path[0] = 'C:/Program Files/Unity/Hub/Editor/2020.3.9f1/Editor/Data/Managed'
Mono path[1] = 'C:/Program Files/Unity/Hub/Editor/2020.3.9f1/Editor/Data/MonoBleedingEdge/lib/mono/unityjit'
Mono config path = 'C:/Program Files/Unity/Hub/Editor/2020.3.9f1/Editor/Data/MonoBleedingEdge/etc'
Using monoOptions --debugger-agent=transport=dt_socket,embedding=1,server=y,suspend=n,address=127.0.0.1:56084
Begin MonoManager ReloadAssembly
Registering precompiled unity dll's ...
Register platform support module: C:/Program Files/Unity/Hub/Editor/2020.3.9f1/Editor/Data/PlaybackEngines/WindowsStandaloneSupport/UnityEditor.WindowsStandalone.Extensions.dll
Registered in 0.002590 seconds.
Native extension for WindowsStandalone target not found
Refreshing native plugins compatible for Editor in 87.04 ms, found 0 plugins.
Preloading 0 native plugins for Editor in 0.00 ms.
Mono: successfully reloaded assembly
- Completed reload, in  2.716 seconds
Platform modules already initialized, skipping
Registering precompiled user dll's ...
Registered in 0.011872 seconds.
Begin MonoManager ReloadAssembly
Native extension for WindowsStandalone target not found
Refreshing native plugins compatible for Editor in 73.96 ms, found 0 plugins.
Preloading 0 native plugins for Editor in 0.00 ms.
Mono: successfully reloaded assembly
- Completed reload, in  1.963 seconds
Platform modules already initialized, skipping
========================================================================
Worker process is ready to serve import requests
Shader 'Universal Render Pipeline/Particles/Lit': fallback shader 'Universal Render Pipeline/Particles/SimpleLit' not found
Launched and connected shader compiler UnityShaderCompiler.exe after 0.05 seconds
Refreshing native plugins compatible for Editor in 0.57 ms, found 0 plugins.
Preloading 0 native plugins for Editor in 0.00 ms.
Unloading 2643 Unused Serialized files (Serialized files now loaded: 0)
System memory in use before: 120.4 MB.
System memory in use after: 120.2 MB.

Unloading 30 unused Assets to reduce memory usage. Loaded Objects now: 3123.
Total: 27.908400 ms (FindLiveObjects: 0.307700 ms CreateObjectMapping: 0.169500 ms MarkObjects: 27.136100 ms  DeleteObjects: 0.293400 ms)

========================================================================
Received Import Request.
  path: Assets/RETINA-Dashboard/Networking/Attempt2/ClientHandle.cs
  artifactKey: Guid(a1d76941b385e27469d8210aa6549ea3) Importer(815301076,1909f56bfc062723c751e8b465ee728b)
Start importing Assets/RETINA-Dashboard/Networking/Attempt2/ClientHandle.cs using Guid(a1d76941b385e27469d8210aa6549ea3) Importer(815301076,1909f56bfc062723c751e8b465ee728b)  -> (artifact id: '9fb1602d2ebe04db084fb4a04aa44cfd') in 0.032739 seconds
  Import took 0.038814 seconds .

========================================================================
Received Prepare
Registering precompiled user dll's ...
Registered in 0.008929 seconds.
Begin MonoManager ReloadAssembly
Native extension for WindowsStandalone target not found
Refreshing native plugins compatible for Editor in 0.58 ms, found 0 plugins.
Preloading 0 native plugins for Editor in 0.00 ms.
Mono: successfully reloaded assembly
- Completed reload, in  1.643 seconds
Platform modules already initialized, skipping
Shader 'Universal Render Pipeline/Particles/Lit': fallback shader 'Universal Render Pipeline/Particles/SimpleLit' not found
Refreshing native plugins compatible for Editor in 0.61 ms, found 0 plugins.
Preloading 0 native plugins for Editor in 0.00 ms.
Unloading 2543 Unused Serialized files (Serialized files now loaded: 0)
System memory in use before: 114.3 MB.
System memory in use after: 114.2 MB.

Unloading 25 unused Assets to reduce memory usage. Loaded Objects now: 3126.
Total: 25.890800 ms (FindLiveObjects: 0.328300 ms CreateObjectMapping: 0.171600 ms MarkObjects: 25.160300 ms  DeleteObjects: 0.229200 ms)

========================================================================
Received Import Request.
  Time since last request: 41.687671 seconds.
  path: Assets/RETINA-Dashboard/Networking/Attempt2/ClientHandle.cs
  artifactKey: Guid(a1d76941b385e27469d8210aa6549ea3) Importer(815301076,1909f56bfc062723c751e8b465ee728b)
Start importing Assets/RETINA-Dashboard/Networking/Attempt2/ClientHandle.cs using Guid(a1d76941b385e27469d8210aa6549ea3) Importer(815301076,1909f56bfc062723c751e8b465ee728b)  -> (artifact id: 'efda813d1d22d1d8978513e6b0d16e94') in 0.006083 seconds
  Import took 0.010984 seconds .

========================================================================
Received Prepare
Shader 'Universal Render Pipeline/Particles/Lit': fallback shader 'Universal Render Pipeline/Particles/SimpleLit' not found
Refreshing native plugins compatible for Editor in 5.70 ms, found 0 plugins.
Preloading 0 native plugins for Editor in 0.00 ms.
Unloading 23 Unused Serialized files (Serialized files now loaded: 0)
System memory in use before: 64.2 MB.
System memory in use after: 64.0 MB.

Unloading 23 unused Assets to reduce memory usage. Loaded Objects now: 3126.
Total: 35.151800 ms (FindLiveObjects: 0.739900 ms CreateObjectMapping: 0.283700 ms MarkObjects: 33.619900 ms  DeleteObjects: 0.506100 ms)

========================================================================
Received Prepare
Registering precompiled user dll's ...
Registered in 0.010166 seconds.
Begin MonoManager ReloadAssembly
Native extension for WindowsStandalone target not found
Refreshing native plugins compatible for Editor in 1.39 ms, found 0 plugins.
Preloading 0 native plugins for Editor in 0.00 ms.
Mono: successfully reloaded assembly
- Completed reload, in  2.007 seconds
Platform modules already initialized, skipping
Shader 'Universal Render Pipeline/Particles/Lit': fallback shader 'Universal Render Pipeline/Particles/SimpleLit' not found
Refreshing native plugins compatible for Editor in 1.42 ms, found 0 plugins.
Preloading 0 native plugins for Editor in 0.00 ms.
Unloading 2543 Unused Serialized files (Serialized files now loaded: 0)
System memory in use before: 114.5 MB.
System memory in use after: 114.3 MB.

Unloading 25 unused Assets to reduce memory usage. Loaded Objects now: 3129.
Total: 31.665000 ms (FindLiveObjects: 0.630700 ms CreateObjectMapping: 0.393100 ms MarkObjects: 30.393400 ms  DeleteObjects: 0.245700 ms)

AssetImportWorkerClient::OnTransportError - code=2 error=End of file
